<?xml version="1.0" encoding="UTF-8"?>
<!-- Generated by org.testng.reporters.JUnitReportReporter -->
<testsuite hostname="DESKTOP-PA5U02U" failures="0" tests="3" name="com.test.ContactsPageTest" time="69.428" errors="0" timestamp="14 Apr 2022 08:40:30 GMT" skipped="0">
  <testcase classname="com.test.ContactsPageTest" name="validateUserOnContactsPage" time="18.809"/>
  <testcase classname="com.test.ContactsPageTest" name="validateUserIsAbleToCreateANewContact" time="25.273"/>
  <testcase classname="com.test.ContactsPageTest" name="validateUserIsAbleToCreateANewContact" time="25.346"/>
</testsuite> <!-- com.test.ContactsPageTest -->
