<?xml version="1.0" encoding="UTF-8"?>
<!-- Generated by org.testng.reporters.JUnitReportReporter -->
<testsuite hostname="DESKTOP-PA5U02U" failures="0" tests="2" name="com.test.HomePageTest" time="39.201" errors="0" timestamp="14 Apr 2022 08:40:30 GMT" skipped="0">
  <testcase classname="com.test.HomePageTest" name="validateHomePage" time="22.687"/>
  <testcase classname="com.test.HomePageTest" name="validateClickingOnContactsLink" time="16.514"/>
</testsuite> <!-- com.test.HomePageTest -->
