<?xml version="1.0" encoding="UTF-8"?>
<!-- Generated by org.testng.reporters.JUnitReportReporter -->
<testsuite hostname="DESKTOP-PA5U02U" failures="0" tests="3" name="com.test.LoginPageTest" time="78.776" errors="0" timestamp="24 Jan 2022 08:46:09 GMT" skipped="0">
  <testcase classname="com.test.LoginPageTest" name="validateUserInLoginPageOfCRMApplication" time="21.483"/>
  <testcase classname="com.test.LoginPageTest" name="validateLoginPageTitle" time="23.652"/>
  <testcase classname="com.test.LoginPageTest" name="validateUserLogin" time="33.641"/>
</testsuite> <!-- com.test.LoginPageTest -->
