<?xml version="1.0" encoding="UTF-8"?>
<!-- Generated by org.testng.reporters.JUnitReportReporter -->
<testsuite hostname="DESKTOP-PA5U02U" failures="0" tests="3" name="com.test.LoginPageTest" time="55.007" errors="0" timestamp="15 Jan 2022 03:52:37 GMT" skipped="0">
  <testcase classname="com.test.LoginPageTest" name="validateUserInLoginPageOfCRMApplication" time="9.549"/>
  <testcase classname="com.test.LoginPageTest" name="validateLoginPageTitle" time="27.882"/>
  <testcase classname="com.test.LoginPageTest" name="validateUserLogin" time="17.576"/>
</testsuite> <!-- com.test.LoginPageTest -->
