<?xml version="1.0" encoding="UTF-8"?>
<!-- Generated by org.testng.reporters.JUnitReportReporter -->
<testsuite hostname="DESKTOP-PA5U02U" failures="0" tests="2" name="com.test.HomePageTest" time="40.126" errors="0" timestamp="07 May 2022 13:30:40 GMT" skipped="0">
  <testcase classname="com.test.HomePageTest" name="validateHomePage" time="20.307"/>
  <testcase classname="com.test.HomePageTest" name="validateClickingOnContactsLink" time="19.819"/>
</testsuite> <!-- com.test.HomePageTest -->
