<?xml version="1.0" encoding="UTF-8"?>
<!-- Generated by org.testng.reporters.JUnitReportReporter -->
<testsuite hostname="DESKTOP-PA5U02U" failures="0" tests="3" name="com.test.ContactsPageTest" time="76.132" errors="0" timestamp="24 Jan 2022 14:50:58 GMT" skipped="0">
  <testcase classname="com.test.ContactsPageTest" name="validateUserOnContactsPage" time="21.216"/>
  <testcase classname="com.test.ContactsPageTest" name="validateUserIsAbleToCreateANewContact" time="28.347"/>
  <testcase classname="com.test.ContactsPageTest" name="validateUserIsAbleToCreateANewContact" time="26.569"/>
</testsuite> <!-- com.test.ContactsPageTest -->
