<?xml version="1.0" encoding="UTF-8"?>
<!-- Generated by org.testng.reporters.JUnitReportReporter -->
<testsuite hostname="DESKTOP-PA5U02U" failures="0" tests="3" name="com.test.ContactsPageTest" time="68.241" errors="0" timestamp="07 May 2022 13:30:40 GMT" skipped="0">
  <testcase classname="com.test.ContactsPageTest" name="validateUserOnContactsPage" time="17.961"/>
  <testcase classname="com.test.ContactsPageTest" name="validateUserIsAbleToCreateANewContact" time="23.593"/>
  <testcase classname="com.test.ContactsPageTest" name="validateUserIsAbleToCreateANewContact" time="26.687"/>
</testsuite> <!-- com.test.ContactsPageTest -->
