<?xml version="1.0" encoding="UTF-8"?>
<!-- Generated by org.testng.reporters.JUnitReportReporter -->
<testsuite hostname="DESKTOP-PA5U02U" failures="0" tests="3" name="com.test.LoginPageTest" time="38.089" errors="0" timestamp="16 Jan 2022 08:46:37 GMT" skipped="0">
  <testcase classname="com.test.LoginPageTest" name="validateUserInLoginPageOfCRMApplication" time="8.674"/>
  <testcase classname="com.test.LoginPageTest" name="validateLoginPageTitle" time="14.165"/>
  <testcase classname="com.test.LoginPageTest" name="validateUserLogin" time="15.250"/>
</testsuite> <!-- com.test.LoginPageTest -->
