<?xml version="1.0" encoding="UTF-8"?>
<!-- Generated by org.testng.reporters.JUnitReportReporter -->
<testsuite hostname="DESKTOP-PA5U02U" failures="0" tests="2" name="com.test.HomePageTest" time="34.967" errors="0" timestamp="16 Jan 2022 08:46:37 GMT" skipped="0">
  <testcase classname="com.test.HomePageTest" name="validateHomePage" time="16.764"/>
  <testcase classname="com.test.HomePageTest" name="validateClickingOnContactsLink" time="18.203"/>
</testsuite> <!-- com.test.HomePageTest -->
